\BOOKMARK [0][-]{chapter.1}{\376\377\000S\000t\000r\000e\000s\000z\000c\000z\000e\000n\000i\000e\000\040\000w\000\040\000j\001\031\000z\000y\000k\000u\000\040\000p\000o\000l\000s\000k\000i\000m\000\040\000i\000\040\000a\000n\000g\000i\000e\000l\000s\000k\000i\000m}{}% 1
\BOOKMARK [1][-]{section.1.1}{\376\377\000S\000t\000r\000e\000s\000z\000c\000z\000e\000n\000i\000e\000\040\000w\000\040\000j\001\031\000z\000y\000k\000u\000\040\000p\000o\000l\000s\000k\000i\000m}{chapter.1}% 2
\BOOKMARK [1][-]{section.1.2}{\376\377\000S\000t\000r\000e\000s\000z\000c\000z\000e\000n\000i\000e\000\040\000w\000\040\000j\001\031\000z\000y\000k\000u\000\040\000a\000n\000g\000i\000e\000l\000s\000k\000i\000m}{chapter.1}% 3
\BOOKMARK [0][-]{chapter.2}{\376\377\000W\000p\000r\000o\000w\000a\000d\000z\000e\000n\000i\000e\000\040\000i\000\040\000a\000n\000a\000l\000i\000z\000a\000\040\000p\000r\000o\000b\000l\000e\000m\000u}{}% 4
\BOOKMARK [1][-]{section.2.1}{\376\377\000O\000p\000i\000s\000\040\000a\000n\000a\000l\000i\000z\000o\000w\000a\000n\000e\000g\000o\000\040\000p\000r\000o\000b\000l\000e\000m\000u}{chapter.2}% 5
\BOOKMARK [1][-]{section.2.2}{\376\377\000C\000e\000l\000\040\000p\000r\000o\000j\000e\000k\000t\000u}{chapter.2}% 6
\BOOKMARK [1][-]{section.2.3}{\376\377\000Z\000a\000k\000r\000e\000s\000\040\000r\000e\000a\000l\000i\000z\000o\000w\000a\000n\000y\000c\000h\000\040\000f\000u\000n\000k\000c\000j\000o\000n\000a\000l\000n\000o\001\133\000c\000i}{chapter.2}% 7
\BOOKMARK [1][-]{section.2.4}{\376\377\000P\000r\000z\000e\000g\000l\001\005\000d\000\040\000i\000s\000t\000n\000i\000e\000j\001\005\000c\000y\000c\000h\000\040\000r\000o\000z\000w\000i\001\005\000z\000a\001\104}{chapter.2}% 8
\BOOKMARK [2][-]{subsection.2.4.1}{\376\377\000K\000a\000h\000o\000o\000t\000!}{section.2.4}% 9
\BOOKMARK [2][-]{subsection.2.4.2}{\376\377\000M\000i\000c\000r\000o\000s\000o\000f\000t\000\040\000F\000o\000r\000m\000s\000\040\000/\000\040\000G\000o\000o\000g\000l\000e\000\040\000F\000o\000r\000m\000s}{section.2.4}% 10
\BOOKMARK [2][-]{subsection.2.4.3}{\376\377\000M\000o\000d\000u\001\102\000\040\000t\000e\000s\000t\000\363\000w\000\040\000w\000\040\000s\000y\000s\000t\000e\000m\000i\000e\000\040\000M\000o\000o\000d\000l\000e}{section.2.4}% 11
\BOOKMARK [2][-]{subsection.2.4.4}{\376\377\000W\000n\000i\000o\000s\000k\000i\000\040\000z\000\040\000a\000n\000a\000l\000i\000z\000y}{section.2.4}% 12
\BOOKMARK [0][-]{chapter.3}{\376\377\000W\000y\000m\000a\000g\000a\000n\000i\000a\000\040\000s\000y\000s\000t\000e\000m\000o\000w\000e}{}% 13
\BOOKMARK [1][-]{section.3.1}{\376\377\000W\000y\000m\000a\000g\000a\000n\000i\000a\000\040\000f\000u\000n\000k\000c\000j\000o\000n\000a\000l\000n\000e}{chapter.3}% 14
\BOOKMARK [1][-]{section.3.2}{\376\377\000W\000y\000m\000a\000g\000a\000n\000i\000a\000\040\000n\000i\000e\000f\000u\000n\000k\000c\000j\000o\000n\000a\000l\000n\000e}{chapter.3}% 15
\BOOKMARK [1][-]{section.3.3}{\376\377\000Z\000a\001\102\000o\001\174\000e\000n\000i\000a\000\040\000d\000o\000t\000y\000c\000z\001\005\000c\000e\000\040\000d\000z\000i\000a\001\102\000a\000n\000i\000a\000\040\000s\000y\000s\000t\000e\000m\000u}{chapter.3}% 16
\BOOKMARK [0][-]{chapter.4}{\376\377\000A\000r\000c\000h\000i\000t\000e\000k\000t\000u\000r\000a\000\040\000i\000\040\000s\000t\000r\000u\000k\000t\000u\000r\000a\000\040\000a\000p\000l\000i\000k\000a\000c\000j\000i}{}% 17
\BOOKMARK [1][-]{section.4.1}{\376\377\000A\000r\000c\000h\000i\000t\000e\000k\000t\000u\000r\000a\000\040\000a\000p\000l\000i\000k\000a\000c\000j\000i}{chapter.4}% 18
\BOOKMARK [1][-]{section.4.2}{\376\377\000S\000t\000r\000u\000k\000t\000u\000r\000a\000\040\000f\000o\000l\000d\000e\000r\000\363\000w\000\040\000i\000\040\000o\000r\000g\000a\000n\000i\000z\000a\000c\000j\000a\000\040\000k\000o\000d\000u}{chapter.4}% 19
\BOOKMARK [1][-]{section.4.3}{\376\377\000Z\000a\000s\000t\000o\000s\000o\000w\000a\000n\000e\000\040\000w\000z\000o\000r\000c\000e\000\040\000p\000r\000o\000j\000e\000k\000t\000o\000w\000e}{chapter.4}% 20
\BOOKMARK [1][-]{section.4.4}{\376\377\000M\000e\000c\000h\000a\000n\000i\000z\000m\000y\000\040\000w\000a\000l\000i\000d\000a\000c\000j\000i\000\040\000d\000a\000n\000y\000c\000h}{chapter.4}% 21
\BOOKMARK [1][-]{section.4.5}{\376\377\000O\000b\000s\001\102\000u\000g\000a\000\040\000b\001\102\001\031\000d\000\363\000w\000\040\000i\000\040\000w\000y\000j\001\005\000t\000k\000\363\000w}{chapter.4}% 22
\BOOKMARK [0][-]{chapter.5}{\376\377\000T\000e\000c\000h\000n\000o\000l\000o\000g\000i\000e\000\040\000w\000y\000k\000o\000r\000z\000y\000s\000t\000a\000n\000e\000\040\000w\000\040\000p\000r\000o\000j\000e\000k\000c\000i\000e}{}% 23
\BOOKMARK [1][-]{section.5.1}{\376\377\000T\000e\000c\000h\000n\000o\000l\000o\000g\000i\000e\000\040\000i\000n\000t\000e\000r\000f\000e\000j\000s\000u\000\040\000u\001\174\000y\000t\000k\000o\000w\000n\000i\000k\000a}{chapter.5}% 24
\BOOKMARK [1][-]{section.5.2}{\376\377\000T\000e\000c\000h\000n\000o\000l\000o\000g\000i\000e\000\040\000d\000o\000s\000t\001\031\000p\000u\000\040\000d\000o\000\040\000d\000a\000n\000y\000c\000h}{chapter.5}% 25
\BOOKMARK [1][-]{section.5.3}{\376\377\000D\000o\000d\000a\000t\000k\000o\000w\000e\000\040\000b\000i\000b\000l\000i\000o\000t\000e\000k\000i\000\040\000i\000\040\000n\000a\000r\000z\001\031\000d\000z\000i\000a}{chapter.5}% 26
\BOOKMARK [1][-]{section.5.4}{\376\377\000U\000z\000a\000s\000a\000d\000n\000i\000e\000n\000i\000e\000\040\000w\000y\000b\000o\000r\000u\000\040\000t\000e\000c\000h\000n\000o\000l\000o\000g\000i\000i}{chapter.5}% 27
\BOOKMARK [0][-]{chapter.6}{\376\377\000P\000r\000o\000j\000e\000k\000t\000\040\000b\000a\000z\000y\000\040\000d\000a\000n\000y\000c\000h}{}% 28
\BOOKMARK [1][-]{section.6.1}{\376\377\000O\000p\000i\000s\000\040\000m\000o\000d\000e\000l\000u\000\040\000d\000a\000n\000y\000c\000h}{chapter.6}% 29
\BOOKMARK [1][-]{section.6.2}{\376\377\000D\000i\000a\000g\000r\000a\000m\000\040\000E\000R\000D}{chapter.6}% 30
\BOOKMARK [1][-]{section.6.3}{\376\377\000O\000p\000i\000s\000\040\000r\000e\000l\000a\000c\000j\000i\000\040\000i\000\040\000k\000l\000u\000c\000z\000y}{chapter.6}% 31
\BOOKMARK [1][-]{section.6.4}{\376\377\000N\000o\000r\000m\000a\000l\000i\000z\000a\000c\000j\000a}{chapter.6}% 32
\BOOKMARK [1][-]{section.6.5}{\376\377\000M\000i\000g\000r\000a\000c\000j\000e\000\040\000b\000a\000z\000y\000\040\000d\000a\000n\000y\000c\000h}{chapter.6}% 33
\BOOKMARK [1][-]{section.6.6}{\376\377\000M\000e\000c\000h\000a\000n\000i\000z\000m\000y\000\040\000z\000a\000p\000e\000w\000n\000i\000a\000j\001\005\000c\000e\000\040\000i\000n\000t\000e\000g\000r\000a\000l\000n\000o\001\133\001\007\000\040\000d\000a\000n\000y\000c\000h}{chapter.6}% 34
\BOOKMARK [0][-]{chapter.7}{\376\377\000I\000m\000p\000l\000e\000m\000e\000n\000t\000a\000c\000j\000a\000\040\000a\000p\000l\000i\000k\000a\000c\000j\000i}{}% 35
\BOOKMARK [1][-]{section.7.1}{\376\377\000N\000a\000j\000w\000a\001\174\000n\000i\000e\000j\000s\000z\000e\000\040\000m\000o\000d\000u\001\102\000y\000\040\000s\000y\000s\000t\000e\000m\000u}{chapter.7}% 36
\BOOKMARK [1][-]{section.7.2}{\376\377\000M\000e\000c\000h\000a\000n\000i\000z\000m\000\040\000l\000o\000g\000o\000w\000a\000n\000i\000a\000\040\000i\000\040\000a\000u\000t\000o\000r\000y\000z\000a\000c\000j\000i}{chapter.7}% 37
\BOOKMARK [1][-]{section.7.3}{\376\377\000R\000e\000a\000l\000i\000z\000a\000c\000j\000a\000\040\000o\000p\000e\000r\000a\000c\000j\000i\000\040\000C\000R\000U\000D}{chapter.7}% 38
\BOOKMARK [1][-]{section.7.4}{\376\377\000L\000o\000g\000i\000k\000a\000\040\000o\000c\000e\000n\000i\000a\000n\000i\000a}{chapter.7}% 39
\BOOKMARK [1][-]{section.7.5}{\376\377\000O\000r\000g\000a\000n\000i\000z\000a\000c\000j\000a\000\040\000n\000a\000w\000i\000g\000a\000c\000j\000i}{chapter.7}% 40
\BOOKMARK [1][-]{section.7.6}{\376\377\000I\000n\000t\000e\000r\000f\000e\000j\000s\000\040\000u\001\174\000y\000t\000k\000o\000w\000n\000i\000k\000a\000\040\000i\000\040\000s\000t\000y\000l\000i\000z\000a\000c\000j\000a}{chapter.7}% 41
\BOOKMARK [0][-]{chapter.8}{\376\377\000P\000r\000e\000z\000e\000n\000t\000a\000c\000j\000a\000\040\000w\000a\000r\000s\000t\000w\000y\000\040\000u\001\174\000y\000t\000k\000o\000w\000e\000j\000\040\000p\000r\000o\000j\000e\000k\000t\000u}{}% 42
\BOOKMARK [1][-]{section.8.1}{\376\377\000E\000k\000r\000a\000n\000\040\000l\000o\000g\000o\000w\000a\000n\000i\000a\000\040\000i\000\040\000r\000e\000j\000e\000s\000t\000r\000a\000c\000j\000i}{chapter.8}% 43
\BOOKMARK [1][-]{section.8.2}{\376\377\000P\000u\000l\000p\000i\000t\000\040\000n\000a\000u\000c\000z\000y\000c\000i\000e\000l\000a}{chapter.8}% 44
\BOOKMARK [1][-]{section.8.3}{\376\377\000L\000i\000s\000t\000a\000\040\000t\000e\000s\000t\000\363\000w\000\040\000i\000\040\000e\000d\000y\000t\000o\000r\000\040\000t\000e\000s\000t\000u}{chapter.8}% 45
\BOOKMARK [1][-]{section.8.4}{\376\377\000O\000c\000e\000n\000i\000a\000n\000i\000e\000\040\000p\000y\000t\000a\001\104\000\040\000o\000t\000w\000a\000r\000t\000y\000c\000h}{chapter.8}% 46
\BOOKMARK [1][-]{section.8.5}{\376\377\000Z\000a\000r\000z\001\005\000d\000z\000a\000n\000i\000e\000\040\000g\000r\000u\000p\000a\000m\000i}{chapter.8}% 47
\BOOKMARK [1][-]{section.8.6}{\376\377\000S\000t\000a\000t\000y\000s\000t\000y\000k\000i\000\040\000t\000e\000s\000t\000u\000\040\000i\000\040\000e\000k\000s\000p\000o\000r\000t\000\040\000w\000y\000n\000i\000k\000\363\000w}{chapter.8}% 48
\BOOKMARK [1][-]{section.8.7}{\376\377\000L\000i\000s\000t\000a\000\040\000t\000e\000s\000t\000\363\000w\000\040\000u\000c\000z\000n\000i\000a}{chapter.8}% 49
\BOOKMARK [1][-]{section.8.8}{\376\377\000R\000o\000z\000w\000i\001\005\000z\000y\000w\000a\000n\000i\000e\000\040\000t\000e\000s\000t\000u}{chapter.8}% 50
\BOOKMARK [1][-]{section.8.9}{\376\377\000W\000y\000n\000i\000k\000\040\000t\000e\000s\000t\000u}{chapter.8}% 51
\BOOKMARK [0][-]{chapter.9}{\376\377\000H\000a\000r\000m\000o\000n\000o\000g\000r\000a\000m\000\040\000r\000e\000a\000l\000i\000z\000a\000c\000j\000i\000\040\000p\000r\000o\000j\000e\000k\000t\000u}{}% 52
\BOOKMARK [1][-]{section.9.1}{\376\377\000N\000a\000p\000o\000t\000k\000a\000n\000e\000\040\000t\000r\000u\000d\000n\000o\001\133\000c\000i\000\040\000w\000\040\000t\000r\000a\000k\000c\000i\000e\000\040\000r\000e\000a\000l\000i\000z\000a\000c\000j\000i\000\040\000p\000r\000o\000j\000e\000k\000t\000u}{chapter.9}% 53
\BOOKMARK [1][-]{section.9.2}{\376\377\000R\000e\000p\000o\000z\000y\000t\000o\000r\000i\000u\000m\000\040\000i\000\040\000s\000y\000s\000t\000e\000m\000\040\000k\000o\000n\000t\000r\000o\000l\000i\000\040\000w\000e\000r\000s\000j\000i}{chapter.9}% 54
\BOOKMARK [0][-]{chapter.10}{\376\377\000I\000n\000s\000t\000r\000u\000k\000c\000j\000a\000\040\000u\000r\000u\000c\000h\000o\000m\000i\000e\000n\000i\000a\000\040\000p\000r\000o\000j\000e\000k\000t\000u}{}% 55
\BOOKMARK [1][-]{section.10.1}{\376\377\000W\000y\000m\000a\000g\000a\000n\000i\000a\000\040\000s\000y\000s\000t\000e\000m\000o\000w\000e}{chapter.10}% 56
\BOOKMARK [1][-]{section.10.2}{\376\377\000K\000o\000n\000f\000i\000g\000u\000r\000a\000c\000j\000a\000\040\000b\000a\000z\000y\000\040\000d\000a\000n\000y\000c\000h}{chapter.10}% 57
\BOOKMARK [1][-]{section.10.3}{\376\377\000K\000o\000n\000f\000i\000g\000u\000r\000a\000c\000j\000a\000\040\001\133\000r\000o\000d\000o\000w\000i\000s\000k\000a\000\040\000i\000\040\000u\000r\000u\000c\000h\000o\000m\000i\000e\000n\000i\000e\000\040\000a\000p\000l\000i\000k\000a\000c\000j\000i}{chapter.10}% 58
\BOOKMARK [1][-]{section.10.4}{\376\377\000D\000a\000n\000e\000\040\000l\000o\000g\000o\000w\000a\000n\000i\000a\000\040\000t\000e\000s\000t\000o\000w\000e\000g\000o}{chapter.10}% 59
\BOOKMARK [0][-]{chapter.11}{\376\377\000P\000o\000d\000s\000u\000m\000o\000w\000a\000n\000i\000e}{}% 60
\BOOKMARK [1][-]{section.11.1}{\376\377\000O\000c\000e\000n\000a\000\040\000s\000t\000o\000p\000n\000i\000a\000\040\000r\000e\000a\000l\000i\000z\000a\000c\000j\000i\000\040\000z\000a\001\102\000o\001\174\000e\001\104}{chapter.11}% 61
\BOOKMARK [1][-]{section.11.2}{\376\377\000N\000a\000p\000o\000t\000k\000a\000n\000e\000\040\000p\000r\000o\000b\000l\000e\000m\000y}{chapter.11}% 62
\BOOKMARK [1][-]{section.11.3}{\376\377\000M\000o\001\174\000l\000i\000w\000e\000\040\000k\000i\000e\000r\000u\000n\000k\000i\000\040\000d\000a\000l\000s\000z\000e\000g\000o\000\040\000r\000o\000z\000w\000o\000j\000u}{chapter.11}% 63
\BOOKMARK [0][-]{section.11.3}{\376\377\000B\000i\000b\000l\000i\000o\000g\000r\000a\000f\000i\000a}{}% 64
\BOOKMARK [0][-]{chapter*.15}{\376\377\000S\000p\000i\000s\000\040\000r\000y\000s\000u\000n\000k\000\363\000w}{}% 65
\BOOKMARK [0][-]{chapter*.15}{\376\377\000S\000p\000i\000s\000\040\000t\000a\000b\000e\000l}{}% 66
\BOOKMARK [0][-]{chapter*.15}{\376\377\000S\000p\000i\000s\000\040\000l\000i\000s\000t\000i\000n\000g\000\363\000w}{}% 67
